<?xml version="1.0" encoding="UTF-8"?>
<!-- Generated by org.testng.reporters.JUnitReportReporter -->
<testsuite hostname="LAPTOP-I36QRUN5" failures="0" tests="1" name="com.edusol.pom.Assign15EmailRecived" time="43.924" errors="0" timestamp="2022-07-12T16:15:39 IST" skipped="0">
  <testcase classname="com.edusol.pom.Assign15EmailRecived" name="Reacived_mail" time="43.924"/>
  <system-out/>
</testsuite> <!-- com.edusol.pom.Assign15EmailRecived -->
