<?xml version="1.0" encoding="UTF-8"?>
<!-- Generated by org.testng.reporters.JUnitReportReporter -->
<testsuite hostname="LAPTOP-I36QRUN5" failures="0" tests="1" name="com.edusol.pom.Assign09" time="73.658" errors="0" timestamp="2022-07-02T08:24:11 IST" skipped="0">
  <testcase classname="com.edusol.pom.Assign09" name="gmail_Login" time="73.658"/>
  <system-out/>
</testsuite> <!-- com.edusol.pom.Assign09 -->
