<?xml version="1.0" encoding="UTF-8"?>
<!-- Generated by org.testng.reporters.JUnitReportReporter -->
<testsuite hostname="LAPTOP-I36QRUN5" failures="0" tests="1" name="com.edusol.pom.Assign11StarEmail_POM" time="37.144" errors="0" timestamp="2022-07-02T08:22:20 IST" skipped="0">
  <testcase classname="com.edusol.pom.Assign11StarEmail_POM" name="starmails" time="37.144"/>
  <system-out/>
</testsuite> <!-- com.edusol.pom.Assign11StarEmail_POM -->
