<?xml version="1.0" encoding="UTF-8"?>
<!-- Generated by org.testng.reporters.JUnitReportReporter -->
<testsuite hostname="LAPTOP-I36QRUN5" failures="0" tests="1" name="assign.Asssign2" time="6.891" errors="0" timestamp="2022-03-17T18:57:17 IST" skipped="0">
  <testcase classname="assign.Asssign2" name="login" time="6.891"/>
  <system-out/>
</testsuite> <!-- assign.Asssign2 -->
