<?xml version="1.0" encoding="UTF-8"?>
<!-- Generated by org.testng.reporters.JUnitReportReporter -->
<testsuite hostname="LAPTOP-I36QRUN5" failures="0" tests="1" name="com.edusol.pom.Assign10Totalrecived" time="32.580" errors="0" timestamp="2022-06-24T18:10:46 IST" skipped="0">
  <testcase classname="com.edusol.pom.Assign10Totalrecived" name="Reciveed_emails" time="32.580"/>
  <system-out/>
</testsuite> <!-- com.edusol.pom.Assign10Totalrecived -->
