<?xml version="1.0" encoding="UTF-8"?>
<!-- Generated by org.testng.reporters.JUnitReportReporter -->
<testsuite hostname="LAPTOP-I36QRUN5" failures="0" tests="1" name="com.edusol.pom.Assign17Settings" time="30.188" errors="0" timestamp="2022-06-23T11:04:54 IST" skipped="0">
  <testcase classname="com.edusol.pom.Assign17Settings" name="Read_mail" time="30.188"/>
  <system-out/>
</testsuite> <!-- com.edusol.pom.Assign17Settings -->
