<?xml version="1.0" encoding="UTF-8"?>
<!-- Generated by org.testng.reporters.JUnitReportReporter -->
<testsuite hostname="LAPTOP-I36QRUN5" failures="0" tests="1" name="assign.AssignGoogle1" time="11.533" errors="0" timestamp="2022-03-27T08:34:15 IST" skipped="0">
  <testcase classname="assign.AssignGoogle1" name="login" time="11.533"/>
  <system-out/>
</testsuite> <!-- assign.AssignGoogle1 -->
