<?xml version="1.0" encoding="UTF-8"?>
<!-- Generated by org.testng.reporters.JUnitReportReporter -->
<testsuite hostname="LAPTOP-I36QRUN5" failures="0" tests="1" name="com.edusol.pom.Assign13Compose" time="44.600" errors="0" timestamp="2022-06-20T20:00:01 IST" skipped="0">
  <testcase classname="com.edusol.pom.Assign13Compose" name="Reciveed_emails" time="44.600"/>
  <system-out/>
</testsuite> <!-- com.edusol.pom.Assign13Compose -->
